
============================================================
Date: 2026-02-10 12:42:58
To: syafiqa@gmail.com
Subject: Booking Request Received - QT-20260210-FD25
------------------------------------------------------------

    
        
            
                SECONDPLAN
            
            
                Booking Request Received
                Hi syafiqa zohdi,
                Thank you for your booking request. We have received your inquiry and will review it shortly.
                
                    Booking Details
                    
                        Reference:QT-20260210-FD25
                        Event:Malam Galau
                        Date:2026-02-22
                        Location:Dewan Tunku Canselor, Universiti Malaya, Bangsar, Kuala Lumpur 70450
                    
                
                We will contact you within 1-2 business days with a quote.
            
            
                &copy; 2026 SECONDPLAN. All rights reserved.
                Visit our website
            
        
    

============================================================
Date: 2026-02-10 12:43:38
To: syafiqa@gmail.com
Subject: Order Confirmed - #SP-20260210-0242D64D
------------------------------------------------------------

    
        
            
                SECONDPLAN
            
            
                Order Confirmed
                Hi syafiqa zohdi,
                Thank you for your order! Here are your order details:
                
                    Order #SP-20260210-0242D64D
                    SecondPlan Beanie - Black x1RM 39.90SecondPlan Lanyard x1RM 14.90
                    
                        Total: RM 54.80
                    
                
                
                    View Order
                
            
            
                &copy; 2026 SECONDPLAN. All rights reserved.
                Visit our website
            
        
    

============================================================
Date: 2026-02-10 12:44:07
To: syafiqa@gmail.com
Subject: Booking Approved - INV-20260210-C83D
------------------------------------------------------------

    
        
            
                SECONDPLAN
            
            
                Booking Approved!
                Hi syafiqa zohdi,
                Great news! Your booking request has been approved.
                
                    Invoice Details
                    
                        Invoice:INV-20260210-C83D
                        Event:Malam Galau
                        Date:2026-02-22
                        Amount:RM 650.00
                        Due Date:24 Feb 2026
                    
                
                
                    View Booking
                
            
            
                &copy; 2026 SECONDPLAN. All rights reserved.
                Visit our website
            
        
    

============================================================
Date: 2026-02-10 12:46:02
To: syafiqa@gmail.com
Subject: Payment Confirmed - INV-20260210-C83D
------------------------------------------------------------

    
        
            
                SECONDPLAN
            
            
                Payment Confirmed
                Hi syafiqa zohdi,
                We have received your payment. Thank you!
                
                    Payment Received
                    RM 650.00
                
                
                    
                        Invoice:INV-20260210-C83D
                        Event:Malam Galau
                        Date:2026-02-22
                        Paid On:10 Feb 2026
                    
                
                We look forward to seeing you at your event!
            
            
                &copy; 2026 SECONDPLAN. All rights reserved.
                Visit our website
            
        
    

============================================================
Date: 2026-02-12 09:44:53
To: syafiqa@gmail.com
Subject: Booking Request Received - QT-20260212-DEBD
------------------------------------------------------------

    
        
            
                SECONDPLAN
            
            
                Booking Request Received
                Hi syafiqa zohdi,
                Thank you for your booking request. We have received your inquiry and will review it shortly.
                
                    Booking Details
                    
                        Reference:QT-20260212-DEBD
                        Event:Shivam wedding
                        Date:2026-02-23
                        Location:Pavilion, Petaling Jaya, Kuala Lumpur 70450
                    
                
                We will contact you within 1-2 business days with a quote.
            
            
                &copy; 2026 SECONDPLAN. All rights reserved.
                Visit our website
            
        
    

============================================================
Date: 2026-02-12 09:45:22
To: syafiqa@gmail.com
Subject: Booking Approved - INV-20260212-CD51
------------------------------------------------------------

    
        
            
                SECONDPLAN
            
            
                Booking Approved!
                Hi syafiqa zohdi,
                Great news! Your booking request has been approved.
                
                    Invoice Details
                    
                        Invoice:INV-20260212-CD51
                        Event:Shivam wedding
                        Date:2026-02-23
                        Amount:RM 700.00
                        Due Date:26 Feb 2026
                    
                
                
                    View Booking
                
            
            
                &copy; 2026 SECONDPLAN. All rights reserved.
                Visit our website
            
        
    

============================================================
Date: 2026-02-12 09:47:01
To: syafiqa@gmail.com
Subject: Payment Confirmed - INV-20260212-CD51
------------------------------------------------------------

    
        
            
                SECONDPLAN
            
            
                Payment Confirmed
                Hi syafiqa zohdi,
                We have received your payment. Thank you!
                
                    Payment Received
                    RM 700.00
                
                
                    
                        Invoice:INV-20260212-CD51
                        Event:Shivam wedding
                        Date:2026-02-23
                        Paid On:12 Feb 2026
                    
                
                We look forward to seeing you at your event!
            
            
                &copy; 2026 SECONDPLAN. All rights reserved.
                Visit our website
            
        
    

============================================================
Date: 2026-02-12 09:48:32
To: syafiqa@gmail.com
Subject: Order Confirmed - #SP-20260212-5E71402F
------------------------------------------------------------

    
        
            
                SECONDPLAN
            
            
                Order Confirmed
                Hi syafiqa zohdi,
                Thank you for your order! Here are your order details:
                
                    Order #SP-20260212-5E71402F
                    SecondPlan Cap - White x1RM 49.90
                    
                        Total: RM 49.90
                    
                
                
                    View Order
                
            
            
                &copy; 2026 SECONDPLAN. All rights reserved.
                Visit our website
            
        
    

============================================================
Date: 2026-02-12 10:35:29
To: alia@gmail.com
Subject: Booking Request Received - QT-20260212-CBBB
------------------------------------------------------------

    
        
            
                SECONDPLAN
            
            
                Booking Request Received
                Hi Alia Farhana,
                Thank you for your booking request. We have received your inquiry and will review it shortly.
                
                    Booking Details
                    
                        Reference:QT-20260212-CBBB
                        Event:Malam Galau
                        Date:2026-02-25
                        Location:Pavilion, Petaling Jaya, Kuala Lumpur 70450
                    
                
                We will contact you within 1-2 business days with a quote.
            
            
                &copy; 2026 SECONDPLAN. All rights reserved.
                Visit our website
            
        
    

============================================================
Date: 2026-02-12 10:36:15
To: alia@gmail.com
Subject: Order Confirmed - #SP-20260212-6C1E8C15
------------------------------------------------------------

    
        
            
                SECONDPLAN
            
            
                Order Confirmed
                Hi Alia Farhana,
                Thank you for your order! Here are your order details:
                
                    Order #SP-20260212-6C1E8C15
                    SecondPlan Hoodie - Navy x1RM 159.90SecondPlan Cap - White x1RM 49.90
                    
                        Total: RM 209.80
                    
                
                
                    View Order
                
            
            
                &copy; 2026 SECONDPLAN. All rights reserved.
                Visit our website
            
        
    

============================================================
Date: 2026-02-12 10:37:37
To: alia@gmail.com
Subject: Booking Approved - INV-20260212-729D
------------------------------------------------------------

    
        
            
                SECONDPLAN
            
            
                Booking Approved!
                Hi Alia Farhana,
                Great news! Your booking request has been approved.
                
                    Invoice Details
                    
                        Invoice:INV-20260212-729D
                        Event:Malam Galau
                        Date:2026-02-25
                        Amount:RM 500.00
                        Due Date:26 Feb 2026
                    
                
                
                    View Booking
                
            
            
                &copy; 2026 SECONDPLAN. All rights reserved.
                Visit our website
            
        
    

============================================================
Date: 2026-02-12 10:39:17
To: alia@gmail.com
Subject: Payment Confirmed - INV-20260212-729D
------------------------------------------------------------

    
        
            
                SECONDPLAN
            
            
                Payment Confirmed
                Hi Alia Farhana,
                We have received your payment. Thank you!
                
                    Payment Received
                    RM 500.00
                
                
                    
                        Invoice:INV-20260212-729D
                        Event:Malam Galau
                        Date:2026-02-25
                        Paid On:12 Feb 2026
                    
                
                We look forward to seeing you at your event!
            
            
                &copy; 2026 SECONDPLAN. All rights reserved.
                Visit our website
            
        
    

============================================================
Date: 2026-02-12 21:35:38
To: farisya@gmail.com
Subject: Booking Request Received - QT-20260212-EF37
------------------------------------------------------------

    
        
            
                SECONDPLAN
            
            
                Booking Request Received
                Hi farisya hisham,
                Thank you for your booking request. We have received your inquiry and will review it shortly.
                
                    Booking Details
                    
                        Reference:QT-20260212-EF37
                        Event:Orked Food Fest
                        Date:2026-02-28
                        Location:Dewan Tunku Canselor, Universiti Malaya, Petaling Jaya, Kuala Lumpur 70450
                    
                
                We will contact you within 1-2 business days with a quote.
            
            
                &copy; 2026 SECONDPLAN. All rights reserved.
                Visit our website
            
        
    

============================================================
Date: 2026-02-12 21:36:04
To: farisya@gmail.com
Subject: Order Confirmed - #SP-20260212-E88AC19E
------------------------------------------------------------

    
        
            
                SECONDPLAN
            
            
                Order Confirmed
                Hi farisya hisham,
                Thank you for your order! Here are your order details:
                
                    Order #SP-20260212-E88AC19E
                    SecondPlan Varsity Jacket x1RM 299.90SecondPlan Tote Bag x1RM 39.90
                    
                        Total: RM 339.80
                    
                
                
                    View Order
                
            
            
                &copy; 2026 SECONDPLAN. All rights reserved.
                Visit our website
            
        
    

============================================================
Date: 2026-02-12 21:39:16
To: farisya@gmail.com
Subject: Booking Approved - INV-20260212-9BB0
------------------------------------------------------------

    
        
            
                SECONDPLAN
            
            
                Booking Approved!
                Hi farisya hisham,
                Great news! Your booking request has been approved.
                
                    Invoice Details
                    
                        Invoice:INV-20260212-9BB0
                        Event:Orked Food Fest
                        Date:2026-02-28
                        Amount:RM 8,000.00
                        Due Date:26 Feb 2026
                    
                
                
                    View Booking
                
            
            
                &copy; 2026 SECONDPLAN. All rights reserved.
                Visit our website
            
        
    

============================================================
Date: 2026-02-12 21:42:11
To: farisya@gmail.com
Subject: Payment Confirmed - INV-20260212-9BB0
------------------------------------------------------------

    
        
            
                SECONDPLAN
            
            
                Payment Confirmed
                Hi farisya hisham,
                We have received your payment. Thank you!
                
                    Payment Received
                    RM 8,000.00
                
                
                    
                        Invoice:INV-20260212-9BB0
                        Event:Orked Food Fest
                        Date:2026-02-28
                        Paid On:12 Feb 2026
                    
                
                We look forward to seeing you at your event!
            
            
                &copy; 2026 SECONDPLAN. All rights reserved.
                Visit our website
            
        
    

============================================================
Date: 2026-02-12 21:44:27
To: zimi@secondplan.com
Subject: New Task Assigned: Beli guitar
------------------------------------------------------------

    
        
            
                SECONDPLAN
            
            
                New Task Assigned
                Hi Zimi,
                You have been assigned a new task:
                
                    Beli guitar
                    Sunway pyramaid
                    
                        Priority:urgent
                        Due Date:13 Feb 2026 21:47
                    
                
                
                    View Task
                
            
            
                &copy; 2026 SECONDPLAN. All rights reserved.
                Visit our website
            
        
    
